library_waterWaveProgress/build/outputs/logs/manifest-merger-debug-report.txt
-- Merging decision tree log ---
manifest
ADDED from daxiong_studio\library_waterWaveProgress\AndroidManifest.xml:1:1-12:12
INJECTED from daxiong_studio\library_waterWaveProgress\AndroidManifest.xml:1:1-12:12
INJECTED from daxiong_studio\library_waterWaveProgress\AndroidManifest.xml:1:1-12:12
INJECTED from daxiong_studio\library_waterWaveProgress\AndroidManifest.xml:1:1-12:12
INJECTED from daxiong_studio\library_waterWaveProgress\AndroidManifest.xml:1:1-12:12
INJECTED from daxiong_studio\library_waterWaveProgress\AndroidManifest.xml:1:1-12:12
INJECTED from daxiong_studio\library_waterWaveProgress\AndroidManifest.xml:1:1-12:12
	package
		ADDED from daxiong_studio\library_waterWaveProgress\AndroidManifest.xml:2:5-48
		INJECTED from daxiong_studio\library_waterWaveProgress\AndroidManifest.xml
		INJECTED from daxiong_studio\library_waterWaveProgress\AndroidManifest.xml
	android:versionName
		ADDED from daxiong_studio\library_waterWaveProgress\AndroidManifest.xml:4:5-30
		INJECTED from daxiong_studio\library_waterWaveProgress\AndroidManifest.xml
		INJECTED from daxiong_studio\library_waterWaveProgress\AndroidManifest.xml
	xmlns:android
		ADDED from daxiong_studio\library_waterWaveProgress\AndroidManifest.xml:1:11-69
	android:versionCode
		ADDED from daxiong_studio\library_waterWaveProgress\AndroidManifest.xml:3:5-28
		INJECTED from daxiong_studio\library_waterWaveProgress\AndroidManifest.xml
		INJECTED from daxiong_studio\library_waterWaveProgress\AndroidManifest.xml
application
ADDED from daxiong_studio\library_waterWaveProgress\AndroidManifest.xml:8:5-10:19
	android:allowBackup
		ADDED from daxiong_studio\library_waterWaveProgress\AndroidManifest.xml:9:9-35